{"uuid":"c72724b2-b578-4144-881c-9c918b97b458","historyId":"a00f056dd23d6a6d1d86dabbe1f99cf1","fullName":"src/test/resources/features/Login.feature:9","labels":[{"name":"tag","value":"ui"},{"name":"tag","value":"smoke"},{"name":"host","value":"ZVERZVE-2N7PNB3"},{"name":"thread","value":"26524@ZVERZVE-2N7PNB3.TestNG-PoolService-0(33)"},{"name":"feature","value":"User Login Functionality"},{"name":"story","value":"Successful Login with Valid Credentials"},{"name":"suite","value":"User Login Functionality"},{"name":"testClass","value":"Successful Login with Valid Credentials"},{"name":"framework","value":"cucumber4jvm"},{"name":"language","value":"java"},{"name":"gherkin_uri","value":"file:///D:/SDET/CucumberBDD/Senior-SDET-Automation-Framework/src/test/resources/features/Login.feature"},{"name":"package","value":"src.test.resources.features.Login_feature.User Login Functionality"}],"links":[],"name":"Successful Login with Valid Credentials","status":"failed","statusDetails":{"known":false,"muted":false,"flaky":false,"message":"Verification Failed: Not redirected to the secure area. Current URL: https://the-internet.herokuapp.com/login expected [true] but found [false]","trace":"java.lang.AssertionError: Verification Failed: Not redirected to the secure area. Current URL: https://the-internet.herokuapp.com/login expected [true] but found [false]\r\n\tat org.testng.Assert.fail(Assert.java:111)\r\n\tat org.testng.Assert.failNotEquals(Assert.java:1578)\r\n\tat org.testng.Assert.assertTrue(Assert.java:57)\r\n\tat stepdefs.LoginSteps.theUserShouldBeRedirectedToTheSecureArea(LoginSteps.java:43)\r\n\tat ✽.the user should be redirected to the secure area(file:///D:/SDET/CucumberBDD/Senior-SDET-Automation-Framework/src/test/resources/features/Login.feature:13)\r\n"},"stage":"finished","description":"  As a user of the web application,\n  I want to be able to log in successfully,\n  So that I can access my secure areas.","steps":[{"name":"Given  the user is on the Login page","status":"passed","statusDetails":{"known":false,"muted":false,"flaky":false},"stage":"finished","steps":[],"attachments":[],"parameters":[],"start":1762335445717,"stop":1762335447081},{"name":"When  the user enters the username \"tomsmith\" and password \"SuperSecretPassword!\"","status":"passed","statusDetails":{"known":false,"muted":false,"flaky":false},"stage":"finished","steps":[],"attachments":[],"parameters":[],"start":1762335447083,"stop":1762335447187},{"name":"And  the user clicks the Login button","status":"passed","statusDetails":{"known":false,"muted":false,"flaky":false},"stage":"finished","steps":[],"attachments":[],"parameters":[],"start":1762335447187,"stop":1762335447188},{"name":"Then  the user should be redirected to the secure area","status":"failed","statusDetails":{"known":false,"muted":false,"flaky":false,"message":"Verification Failed: Not redirected to the secure area. Current URL: https://the-internet.herokuapp.com/login expected [true] but found [false]","trace":"java.lang.AssertionError: Verification Failed: Not redirected to the secure area. Current URL: https://the-internet.herokuapp.com/login expected [true] but found [false]\r\n\tat org.testng.Assert.fail(Assert.java:111)\r\n\tat org.testng.Assert.failNotEquals(Assert.java:1578)\r\n\tat org.testng.Assert.assertTrue(Assert.java:57)\r\n\tat stepdefs.LoginSteps.theUserShouldBeRedirectedToTheSecureArea(LoginSteps.java:43)\r\n\tat ✽.the user should be redirected to the secure area(file:///D:/SDET/CucumberBDD/Senior-SDET-Automation-Framework/src/test/resources/features/Login.feature:13)\r\n"},"stage":"finished","steps":[],"attachments":[],"parameters":[],"start":1762335447188,"stop":1762335447197}],"attachments":[],"parameters":[],"start":1762335445715,"stop":1762335447199}